#
# There is insufficient memory for the Java Runtime Environment to continue.
# Native memory allocation (mmap) failed to map 27262976 bytes for G1 virtual space
# Possible reasons:
#   The system is out of physical RAM or swap space
#   The process is running with CompressedOops enabled, and the Java Heap may be blocking the growth of the native heap
# Possible solutions:
#   Reduce memory load on the system
#   Increase physical memory or swap space
#   Check if swap backing store is full
#   Decrease Java heap size (-Xmx/-Xms)
#   Decrease number of Java threads
#   Decrease Java thread stack sizes (-Xss)
#   Set larger code cache with -XX:ReservedCodeCacheSize=
#   JVM is running with Unscaled Compressed Oops mode in which the Java heap is
#     placed in the first 4GB address space. The Java Heap base address is the
#     maximum limit for the native heap growth. Please use -XX:HeapBaseMinAddress
#     to set the Java Heap base and to place the Java Heap above 4GB virtual address.
# This output file may be truncated or incomplete.
#
#  Out of Memory Error (os_windows.cpp:3603), pid=16740, tid=8372
#
# JRE version: Java(TM) SE Runtime Environment (21.0.8+12) (build 21.0.8+12-LTS-250)
# Java VM: Java HotSpot(TM) 64-Bit Server VM (21.0.8+12-LTS-250, mixed mode, emulated-client, sharing, tiered, compressed oops, compressed class ptrs, g1 gc, windows-amd64)
# No core dump will be written. Minidumps are not enabled by default on client versions of Windows
#

---------------  S U M M A R Y ------------

Command Line: -XX:TieredStopAtLevel=1 com.hospital.auth.AuthServiceApplication

Host: Intel(R) Celeron(R) N4020 CPU @ 1.10GHz, 2 cores, 7G,  Windows 10 , 64 bit Build 19041 (10.0.19041.5915)
Time: Tue Dec  2 18:27:50 2025 Afr. centrale Ouest elapsed time: 3.251240 seconds (0d 0h 0m 3s)

---------------  T H R E A D  ---------------

Current thread (0x000002479b1bda90):  VMThread "VM Thread"          [id=8372, stack(0x0000007f65a00000,0x0000007f65b00000) (1024K)]

Stack: [0x0000007f65a00000,0x0000007f65b00000]
Native frames: (J=compiled Java code, j=interpreted, Vv=VM code, C=native code)
V  [jvm.dll+0x6cc179]
V  [jvm.dll+0x8584c1]
V  [jvm.dll+0x85a9ee]
V  [jvm.dll+0x85b0c3]
V  [jvm.dll+0x27ebf6]
V  [jvm.dll+0x6c88f5]
V  [jvm.dll+0x6bd45a]
V  [jvm.dll+0x354b1a]
V  [jvm.dll+0x35c796]
V  [jvm.dll+0x3af85e]
V  [jvm.dll+0x3afb08]
V  [jvm.dll+0x328e2c]
V  [jvm.dll+0x328eb7]
V  [jvm.dll+0x36d7dc]
V  [jvm.dll+0x36c02e]
V  [jvm.dll+0x3285f1]
V  [jvm.dll+0x32beb6]
V  [jvm.dll+0x3810e6]
V  [jvm.dll+0x860e90]
V  [jvm.dll+0x862214]
V  [jvm.dll+0x862750]
V  [jvm.dll+0x8629f3]
V  [jvm.dll+0x80279b]
V  [jvm.dll+0x6ca85d]
C  [ucrtbase.dll+0x21bb2]
C  [KERNEL32.DLL+0x17374]
C  [ntdll.dll+0x4cc91]

VM_Operation (0x0000007f652fce50): CollectForMetadataAllocation, mode: safepoint, requested by thread 0x00000247895b3af0


---------------  P R O C E S S  ---------------

Threads class SMR info:
_java_thread_list=0x00000247e15ee8f0, length=11, elements={
0x00000247895b3af0, 0x000002479b1db9d0, 0x000002479b1dc8e0, 0x000002479b1dd7f0,
0x000002479b1e1260, 0x000002479b1e1cb0, 0x000002479b1e2700, 0x000002479b1e3150,
0x000002479b240cf0, 0x000002479b455a70, 0x000002479b460100
}

Java Threads: ( => current thread )
  0x00000247895b3af0 JavaThread "main"                              [_thread_blocked, id=12280, stack(0x0000007f65200000,0x0000007f65300000) (1024K)]
  0x000002479b1db9d0 JavaThread "Reference Handler"          daemon [_thread_blocked, id=6860, stack(0x0000007f65b00000,0x0000007f65c00000) (1024K)]
  0x000002479b1dc8e0 JavaThread "Finalizer"                  daemon [_thread_blocked, id=17972, stack(0x0000007f65c00000,0x0000007f65d00000) (1024K)]
  0x000002479b1dd7f0 JavaThread "Signal Dispatcher"          daemon [_thread_blocked, id=12644, stack(0x0000007f65d00000,0x0000007f65e00000) (1024K)]
  0x000002479b1e1260 JavaThread "Attach Listener"            daemon [_thread_blocked, id=12716, stack(0x0000007f65e00000,0x0000007f65f00000) (1024K)]
  0x000002479b1e1cb0 JavaThread "Service Thread"             daemon [_thread_blocked, id=17804, stack(0x0000007f65f00000,0x0000007f66000000) (1024K)]
  0x000002479b1e2700 JavaThread "Monitor Deflation Thread"   daemon [_thread_blocked, id=1416, stack(0x0000007f66000000,0x0000007f66100000) (1024K)]
  0x000002479b1e3150 JavaThread "C1 CompilerThread0"         daemon [_thread_blocked, id=15436, stack(0x0000007f66100000,0x0000007f66200000) (1024K)]
  0x000002479b240cf0 JavaThread "C1 CompilerThread1"         daemon [_thread_blocked, id=13892, stack(0x0000007f66200000,0x0000007f66300000) (1024K)]
  0x000002479b455a70 JavaThread "Notification Thread"        daemon [_thread_blocked, id=15752, stack(0x0000007f66300000,0x0000007f66400000) (1024K)]
  0x000002479b460100 JavaThread "Common-Cleaner"             daemon [_thread_blocked, id=11408, stack(0x0000007f66400000,0x0000007f66500000) (1024K)]
Total: 11

Other Threads:
=>0x000002479b1bda90 VMThread "VM Thread"                           [id=8372, stack(0x0000007f65a00000,0x0000007f65b00000) (1024K)]
  0x000002479b1aaaa0 WatcherThread "VM Periodic Task Thread"        [id=16116, stack(0x0000007f65900000,0x0000007f65a00000) (1024K)]
  0x000002478b7c7cb0 WorkerThread "GC Thread#0"                     [id=8028, stack(0x0000007f65400000,0x0000007f65500000) (1024K)]
  0x000002479b7aad50 WorkerThread "GC Thread#1"                     [id=14208, stack(0x0000007f66500000,0x0000007f66600000) (1024K)]
  0x000002478b7d8ee0 ConcurrentGCThread "G1 Main Marker"            [id=11988, stack(0x0000007f65500000,0x0000007f65600000) (1024K)]
  0x000002478b7daba0 WorkerThread "G1 Conc#0"                       [id=8752, stack(0x0000007f65600000,0x0000007f65700000) (1024K)]
  0x000002478b83e6a0 ConcurrentGCThread "G1 Refine#0"               [id=12244, stack(0x0000007f65700000,0x0000007f65800000) (1024K)]
  0x000002479b07a500 ConcurrentGCThread "G1 Service"                [id=18288, stack(0x0000007f65800000,0x0000007f65900000) (1024K)]
Total: 8

Threads with active compile tasks:
Total: 0

VM state: at safepoint (normal execution)

VM Mutex/Monitor currently owned by a thread:  ([mutex/lock_event])
[0x00007ffe79070e50] Threads_lock - owner thread: 0x000002479b1bda90
[0x00007ffe79070f50] Heap_lock - owner thread: 0x00000247895b3af0

Heap address: 0x0000000082e00000, size: 2002 MB, Compressed Oops mode: 32-bit

CDS archive(s) mapped at: [0x000002479c000000-0x000002479cc90000-0x000002479cc90000), size 13172736, SharedBaseAddress: 0x000002479c000000, ArchiveRelocationMode: 1.
Compressed class space mapped at: 0x000002479d000000-0x00000247dd000000, reserved size: 1073741824
Narrow klass base: 0x000002479c000000, Narrow klass shift: 0, Narrow klass range: 0x100000000

GC Precious Log:
 CardTable entry size: 512
 Card Set container configuration: InlinePtr #cards 5 size 8 Array Of Cards #cards 12 size 40 Howl #buckets 4 coarsen threshold 1843 Howl Bitmap #cards 512 size 80 coarsen threshold 460 Card regions per heap region 1 cards per card region 2048
 CPUs: 2 total, 2 available
 Memory: 8004M
 Large Page Support: Disabled
 NUMA Support: Disabled
 Compressed Oops: Enabled (32-bit)
 Heap Region Size: 1M
 Heap Min Capacity: 8M
 Heap Initial Capacity: 126M
 Heap Max Capacity: 2002M
 Pre-touch: Disabled
 Parallel Workers: 2
 Concurrent Workers: 1
 Concurrent Refinement Workers: 2
 Periodic GC: Disabled

Heap:
 garbage-first heap   total 129024K, used 14336K [0x0000000082e00000, 0x0000000100000000)
  region size 1024K, 8 young (8192K), 8 survivors (8192K)
 Metaspace       used 21243K, committed 21504K, reserved 1114112K
  class space    used 2887K, committed 3008K, reserved 1048576K

Heap Regions: E=young(eden), S=young(survivor), O=old, HS=humongous(starts), HC=humongous(continues), CS=collection set, F=free, TAMS=top-at-mark-start, PB=parsable bottom
|   0|0x0000000082e00000, 0x0000000082f00000, 0x0000000082f00000|100%|HS|  |TAMS 0x0000000082f00000| PB 0x0000000082e00000| Complete 
|   1|0x0000000082f00000, 0x0000000083000000, 0x0000000083000000|100%| O|  |TAMS 0x0000000083000000| PB 0x0000000082f00000| Untracked 
|   2|0x0000000083000000, 0x0000000083100000, 0x0000000083100000|100%| O|  |TAMS 0x0000000083100000| PB 0x0000000083000000| Untracked 
|   3|0x0000000083100000, 0x0000000083200000, 0x0000000083200000|100%| O|  |TAMS 0x0000000083200000| PB 0x0000000083100000| Untracked 
|   4|0x0000000083200000, 0x0000000083300000, 0x0000000083300000|100%| O|  |TAMS 0x0000000083300000| PB 0x0000000083200000| Untracked 
|   5|0x0000000083300000, 0x0000000083400000, 0x0000000083400000|100%| O|  |TAMS 0x0000000083400000| PB 0x0000000083300000| Untracked 
|   6|0x0000000083400000, 0x0000000083400000, 0x0000000083500000|  0%| F|  |TAMS 0x0000000083400000| PB 0x0000000083400000| Untracked 
|   7|0x0000000083500000, 0x0000000083500000, 0x0000000083600000|  0%| F|  |TAMS 0x0000000083500000| PB 0x0000000083500000| Untracked 
|   8|0x0000000083600000, 0x0000000083600000, 0x0000000083700000|  0%| F|  |TAMS 0x0000000083600000| PB 0x0000000083600000| Untracked 
|   9|0x0000000083700000, 0x0000000083700000, 0x0000000083800000|  0%| F|  |TAMS 0x0000000083700000| PB 0x0000000083700000| Untracked 
|  10|0x0000000083800000, 0x0000000083800000, 0x0000000083900000|  0%| F|  |TAMS 0x0000000083800000| PB 0x0000000083800000| Untracked 
|  11|0x0000000083900000, 0x0000000083900000, 0x0000000083a00000|  0%| F|  |TAMS 0x0000000083900000| PB 0x0000000083900000| Untracked 
|  12|0x0000000083a00000, 0x0000000083a00000, 0x0000000083b00000|  0%| F|  |TAMS 0x0000000083a00000| PB 0x0000000083a00000| Untracked 
|  13|0x0000000083b00000, 0x0000000083b00000, 0x0000000083c00000|  0%| F|  |TAMS 0x0000000083b00000| PB 0x0000000083b00000| Untracked 
|  14|0x0000000083c00000, 0x0000000083c00000, 0x0000000083d00000|  0%| F|  |TAMS 0x0000000083c00000| PB 0x0000000083c00000| Untracked 
|  15|0x0000000083d00000, 0x0000000083d00000, 0x0000000083e00000|  0%| F|  |TAMS 0x0000000083d00000| PB 0x0000000083d00000| Untracked 
|  16|0x0000000083e00000, 0x0000000083e00000, 0x0000000083f00000|  0%| F|  |TAMS 0x0000000083e00000| PB 0x0000000083e00000| Untracked 
|  17|0x0000000083f00000, 0x0000000083f00000, 0x0000000084000000|  0%| F|  |TAMS 0x0000000083f00000| PB 0x0000000083f00000| Untracked 
|  18|0x0000000084000000, 0x0000000084000000, 0x0000000084100000|  0%| F|  |TAMS 0x0000000084000000| PB 0x0000000084000000| Untracked 
|  19|0x0000000084100000, 0x0000000084100000, 0x0000000084200000|  0%| F|  |TAMS 0x0000000084100000| PB 0x0000000084100000| Untracked 
|  20|0x0000000084200000, 0x0000000084200000, 0x0000000084300000|  0%| F|  |TAMS 0x0000000084200000| PB 0x0000000084200000| Untracked 
|  21|0x0000000084300000, 0x0000000084300000, 0x0000000084400000|  0%| F|  |TAMS 0x0000000084300000| PB 0x0000000084300000| Untracked 
|  22|0x0000000084400000, 0x0000000084400000, 0x0000000084500000|  0%| F|  |TAMS 0x0000000084400000| PB 0x0000000084400000| Untracked 
|  23|0x0000000084500000, 0x0000000084500000, 0x0000000084600000|  0%| F|  |TAMS 0x0000000084500000| PB 0x0000000084500000| Untracked 
|  24|0x0000000084600000, 0x0000000084600000, 0x0000000084700000|  0%| F|  |TAMS 0x0000000084600000| PB 0x0000000084600000| Untracked 
|  25|0x0000000084700000, 0x0000000084700000, 0x0000000084800000|  0%| F|  |TAMS 0x0000000084700000| PB 0x0000000084700000| Untracked 
|  26|0x0000000084800000, 0x0000000084800000, 0x0000000084900000|  0%| F|  |TAMS 0x0000000084800000| PB 0x0000000084800000| Untracked 
|  27|0x0000000084900000, 0x0000000084900000, 0x0000000084a00000|  0%| F|  |TAMS 0x0000000084900000| PB 0x0000000084900000| Untracked 
|  28|0x0000000084a00000, 0x0000000084a00000, 0x0000000084b00000|  0%| F|  |TAMS 0x0000000084a00000| PB 0x0000000084a00000| Untracked 
|  29|0x0000000084b00000, 0x0000000084b00000, 0x0000000084c00000|  0%| F|  |TAMS 0x0000000084b00000| PB 0x0000000084b00000| Untracked 
|  30|0x0000000084c00000, 0x0000000084c00000, 0x0000000084d00000|  0%| F|  |TAMS 0x0000000084c00000| PB 0x0000000084c00000| Untracked 
|  31|0x0000000084d00000, 0x0000000084d00000, 0x0000000084e00000|  0%| F|  |TAMS 0x0000000084d00000| PB 0x0000000084d00000| Untracked 
|  32|0x0000000084e00000, 0x0000000084e00000, 0x0000000084f00000|  0%| F|  |TAMS 0x0000000084e00000| PB 0x0000000084e00000| Untracked 
|  33|0x0000000084f00000, 0x0000000084f00000, 0x0000000085000000|  0%| F|  |TAMS 0x0000000084f00000| PB 0x0000000084f00000| Untracked 
|  34|0x0000000085000000, 0x0000000085000000, 0x0000000085100000|  0%| F|  |TAMS 0x0000000085000000| PB 0x0000000085000000| Untracked 
|  35|0x0000000085100000, 0x0000000085100000, 0x0000000085200000|  0%| F|  |TAMS 0x0000000085100000| PB 0x0000000085100000| Untracked 
|  36|0x0000000085200000, 0x0000000085200000, 0x0000000085300000|  0%| F|  |TAMS 0x0000000085200000| PB 0x0000000085200000| Untracked 
|  37|0x0000000085300000, 0x0000000085300000, 0x0000000085400000|  0%| F|  |TAMS 0x0000000085300000| PB 0x0000000085300000| Untracked 
|  38|0x0000000085400000, 0x0000000085400000, 0x0000000085500000|  0%| F|  |TAMS 0x0000000085400000| PB 0x0000000085400000| Untracked 
|  39|0x0000000085500000, 0x0000000085500000, 0x0000000085600000|  0%| F|  |TAMS 0x0000000085500000| PB 0x0000000085500000| Untracked 
|  40|0x0000000085600000, 0x0000000085600000, 0x0000000085700000|  0%| F|  |TAMS 0x0000000085600000| PB 0x0000000085600000| Untracked 
|  41|0x0000000085700000, 0x0000000085700000, 0x0000000085800000|  0%| F|  |TAMS 0x0000000085700000| PB 0x0000000085700000| Untracked 
|  42|0x0000000085800000, 0x0000000085800000, 0x0000000085900000|  0%| F|  |TAMS 0x0000000085800000| PB 0x0000000085800000| Untracked 
|  43|0x0000000085900000, 0x0000000085900000, 0x0000000085a00000|  0%| F|  |TAMS 0x0000000085900000| PB 0x0000000085900000| Untracked 
|  44|0x0000000085a00000, 0x0000000085a00000, 0x0000000085b00000|  0%| F|  |TAMS 0x0000000085a00000| PB 0x0000000085a00000| Untracked 
|  45|0x0000000085b00000, 0x0000000085b00000, 0x0000000085c00000|  0%| F|  |TAMS 0x0000000085b00000| PB 0x0000000085b00000| Untracked 
|  46|0x0000000085c00000, 0x0000000085c00000, 0x0000000085d00000|  0%| F|  |TAMS 0x0000000085c00000| PB 0x0000000085c00000| Untracked 
|  47|0x0000000085d00000, 0x0000000085d00000, 0x0000000085e00000|  0%| F|  |TAMS 0x0000000085d00000| PB 0x0000000085d00000| Untracked 
|  48|0x0000000085e00000, 0x0000000085e00000, 0x0000000085f00000|  0%| F|  |TAMS 0x0000000085e00000| PB 0x0000000085e00000| Untracked 
|  49|0x0000000085f00000, 0x0000000085f00000, 0x0000000086000000|  0%| F|  |TAMS 0x0000000085f00000| PB 0x0000000085f00000| Untracked 
|  50|0x0000000086000000, 0x0000000086000000, 0x0000000086100000|  0%| F|  |TAMS 0x0000000086000000| PB 0x0000000086000000| Untracked 
|  51|0x0000000086100000, 0x0000000086100000, 0x0000000086200000|  0%| F|  |TAMS 0x0000000086100000| PB 0x0000000086100000| Untracked 
|  52|0x0000000086200000, 0x0000000086200000, 0x0000000086300000|  0%| F|  |TAMS 0x0000000086200000| PB 0x0000000086200000| Untracked 
|  53|0x0000000086300000, 0x0000000086300000, 0x0000000086400000|  0%| F|  |TAMS 0x0000000086300000| PB 0x0000000086300000| Untracked 
|  54|0x0000000086400000, 0x0000000086400000, 0x0000000086500000|  0%| F|  |TAMS 0x0000000086400000| PB 0x0000000086400000| Untracked 
|  55|0x0000000086500000, 0x0000000086500000, 0x0000000086600000|  0%| F|  |TAMS 0x0000000086500000| PB 0x0000000086500000| Untracked 
|  56|0x0000000086600000, 0x0000000086600000, 0x0000000086700000|  0%| F|  |TAMS 0x0000000086600000| PB 0x0000000086600000| Untracked 
|  57|0x0000000086700000, 0x0000000086700000, 0x0000000086800000|  0%| F|  |TAMS 0x0000000086700000| PB 0x0000000086700000| Untracked 
|  58|0x0000000086800000, 0x0000000086800000, 0x0000000086900000|  0%| F|  |TAMS 0x0000000086800000| PB 0x0000000086800000| Untracked 
|  59|0x0000000086900000, 0x0000000086900000, 0x0000000086a00000|  0%| F|  |TAMS 0x0000000086900000| PB 0x0000000086900000| Untracked 
|  60|0x0000000086a00000, 0x0000000086a00000, 0x0000000086b00000|  0%| F|  |TAMS 0x0000000086a00000| PB 0x0000000086a00000| Untracked 
|  61|0x0000000086b00000, 0x0000000086b00000, 0x0000000086c00000|  0%| F|  |TAMS 0x0000000086b00000| PB 0x0000000086b00000| Untracked 
|  62|0x0000000086c00000, 0x0000000086c00000, 0x0000000086d00000|  0%| F|  |TAMS 0x0000000086c00000| PB 0x0000000086c00000| Untracked 
|  63|0x0000000086d00000, 0x0000000086d00000, 0x0000000086e00000|  0%| F|  |TAMS 0x0000000086d00000| PB 0x0000000086d00000| Untracked 
|  64|0x0000000086e00000, 0x0000000086e00000, 0x0000000086f00000|  0%| F|  |TAMS 0x0000000086e00000| PB 0x0000000086e00000| Untracked 
|  65|0x0000000086f00000, 0x0000000086f00000, 0x0000000087000000|  0%| F|  |TAMS 0x0000000086f00000| PB 0x0000000086f00000| Untracked 
|  66|0x0000000087000000, 0x0000000087000000, 0x0000000087100000|  0%| F|  |TAMS 0x0000000087000000| PB 0x0000000087000000| Untracked 
|  67|0x0000000087100000, 0x0000000087100000, 0x0000000087200000|  0%| F|  |TAMS 0x0000000087100000| PB 0x0000000087100000| Untracked 
|  68|0x0000000087200000, 0x0000000087200000, 0x0000000087300000|  0%| F|  |TAMS 0x0000000087200000| PB 0x0000000087200000| Untracked 
|  69|0x0000000087300000, 0x0000000087300000, 0x0000000087400000|  0%| F|  |TAMS 0x0000000087300000| PB 0x0000000087300000| Untracked 
|  70|0x0000000087400000, 0x0000000087400000, 0x0000000087500000|  0%| F|  |TAMS 0x0000000087400000| PB 0x0000000087400000| Untracked 
|  71|0x0000000087500000, 0x0000000087600000, 0x0000000087600000|100%| S|CS|TAMS 0x0000000087500000| PB 0x0000000087500000| Complete 
|  72|0x0000000087600000, 0x0000000087700000, 0x0000000087700000|100%| S|CS|TAMS 0x0000000087600000| PB 0x0000000087600000| Complete 
|  73|0x0000000087700000, 0x0000000087800000, 0x0000000087800000|100%| S|CS|TAMS 0x0000000087700000| PB 0x0000000087700000| Complete 
|  74|0x0000000087800000, 0x0000000087900000, 0x0000000087900000|100%| S|CS|TAMS 0x0000000087800000| PB 0x0000000087800000| Complete 
|  75|0x0000000087900000, 0x0000000087a00000, 0x0000000087a00000|100%| S|CS|TAMS 0x0000000087900000| PB 0x0000000087900000| Complete 
|  76|0x0000000087a00000, 0x0000000087b00000, 0x0000000087b00000|100%| S|CS|TAMS 0x0000000087a00000| PB 0x0000000087a00000| Complete 
|  77|0x0000000087b00000, 0x0000000087b00000, 0x0000000087c00000|  0%| F|  |TAMS 0x0000000087b00000| PB 0x0000000087b00000| Untracked 
|  78|0x0000000087c00000, 0x0000000087c00000, 0x0000000087d00000|  0%| F|  |TAMS 0x0000000087c00000| PB 0x0000000087c00000| Untracked 
|  79|0x0000000087d00000, 0x0000000087d00000, 0x0000000087e00000|  0%| F|  |TAMS 0x0000000087d00000| PB 0x0000000087d00000| Untracked 
|  80|0x0000000087e00000, 0x0000000087e00000, 0x0000000087f00000|  0%| F|  |TAMS 0x0000000087e00000| PB 0x0000000087e00000| Untracked 
|  81|0x0000000087f00000, 0x0000000087f00000, 0x0000000088000000|  0%| F|  |TAMS 0x0000000087f00000| PB 0x0000000087f00000| Untracked 
|  82|0x0000000088000000, 0x0000000088100000, 0x0000000088100000|100%| S|CS|TAMS 0x0000000088000000| PB 0x0000000088000000| Complete 
|  83|0x0000000088100000, 0x0000000088200000, 0x0000000088200000|100%| S|CS|TAMS 0x0000000088100000| PB 0x0000000088100000| Complete 
|  84|0x0000000088200000, 0x0000000088200000, 0x0000000088300000|  0%| F|  |TAMS 0x0000000088200000| PB 0x0000000088200000| Untracked 
|  85|0x0000000088300000, 0x0000000088300000, 0x0000000088400000|  0%| F|  |TAMS 0x0000000088300000| PB 0x0000000088300000| Untracked 
|  86|0x0000000088400000, 0x0000000088400000, 0x0000000088500000|  0%| F|  |TAMS 0x0000000088400000| PB 0x0000000088400000| Untracked 
|  87|0x0000000088500000, 0x0000000088500000, 0x0000000088600000|  0%| F|  |TAMS 0x0000000088500000| PB 0x0000000088500000| Untracked 
|  88|0x0000000088600000, 0x0000000088600000, 0x0000000088700000|  0%| F|  |TAMS 0x0000000088600000| PB 0x0000000088600000| Untracked 
|  89|0x0000000088700000, 0x0000000088700000, 0x0000000088800000|  0%| F|  |TAMS 0x0000000088700000| PB 0x0000000088700000| Untracked 
|  90|0x0000000088800000, 0x0000000088800000, 0x0000000088900000|  0%| F|  |TAMS 0x0000000088800000| PB 0x0000000088800000| Untracked 
|  91|0x0000000088900000, 0x0000000088900000, 0x0000000088a00000|  0%| F|  |TAMS 0x0000000088900000| PB 0x0000000088900000| Untracked 
|  92|0x0000000088a00000, 0x0000000088a00000, 0x0000000088b00000|  0%| F|  |TAMS 0x0000000088a00000| PB 0x0000000088a00000| Untracked 
|  93|0x0000000088b00000, 0x0000000088b00000, 0x0000000088c00000|  0%| F|  |TAMS 0x0000000088b00000| PB 0x0000000088b00000| Untracked 
|  94|0x0000000088c00000, 0x0000000088c00000, 0x0000000088d00000|  0%| F|  |TAMS 0x0000000088c00000| PB 0x0000000088c00000| Untracked 
|  95|0x0000000088d00000, 0x0000000088d00000, 0x0000000088e00000|  0%| F|  |TAMS 0x0000000088d00000| PB 0x0000000088d00000| Untracked 
|  96|0x0000000088e00000, 0x0000000088e00000, 0x0000000088f00000|  0%| F|  |TAMS 0x0000000088e00000| PB 0x0000000088e00000| Untracked 
|  97|0x0000000088f00000, 0x0000000088f00000, 0x0000000089000000|  0%| F|  |TAMS 0x0000000088f00000| PB 0x0000000088f00000| Untracked 
|  98|0x0000000089000000, 0x0000000089000000, 0x0000000089100000|  0%| F|  |TAMS 0x0000000089000000| PB 0x0000000089000000| Untracked 
|  99|0x0000000089100000, 0x0000000089100000, 0x0000000089200000|  0%| F|  |TAMS 0x0000000089100000| PB 0x0000000089100000| Untracked 
| 100|0x0000000089200000, 0x0000000089200000, 0x0000000089300000|  0%| F|  |TAMS 0x0000000089200000| PB 0x0000000089200000| Untracked 
| 101|0x0000000089300000, 0x0000000089300000, 0x0000000089400000|  0%| F|  |TAMS 0x0000000089300000| PB 0x0000000089300000| Untracked 
| 102|0x0000000089400000, 0x0000000089400000, 0x0000000089500000|  0%| F|  |TAMS 0x0000000089400000| PB 0x0000000089400000| Untracked 
| 103|0x0000000089500000, 0x0000000089500000, 0x0000000089600000|  0%| F|  |TAMS 0x0000000089500000| PB 0x0000000089500000| Untracked 
| 104|0x0000000089600000, 0x0000000089600000, 0x0000000089700000|  0%| F|  |TAMS 0x0000000089600000| PB 0x0000000089600000| Untracked 
| 105|0x0000000089700000, 0x0000000089700000, 0x0000000089800000|  0%| F|  |TAMS 0x0000000089700000| PB 0x0000000089700000| Untracked 
| 106|0x0000000089800000, 0x0000000089800000, 0x0000000089900000|  0%| F|  |TAMS 0x0000000089800000| PB 0x0000000089800000| Untracked 
| 107|0x0000000089900000, 0x0000000089900000, 0x0000000089a00000|  0%| F|  |TAMS 0x0000000089900000| PB 0x0000000089900000| Untracked 
| 108|0x0000000089a00000, 0x0000000089a00000, 0x0000000089b00000|  0%| F|  |TAMS 0x0000000089a00000| PB 0x0000000089a00000| Untracked 
| 109|0x0000000089b00000, 0x0000000089b00000, 0x0000000089c00000|  0%| F|  |TAMS 0x0000000089b00000| PB 0x0000000089b00000| Untracked 
| 110|0x0000000089c00000, 0x0000000089c00000, 0x0000000089d00000|  0%| F|  |TAMS 0x0000000089c00000| PB 0x0000000089c00000| Untracked 
| 111|0x0000000089d00000, 0x0000000089d00000, 0x0000000089e00000|  0%| F|  |TAMS 0x0000000089d00000| PB 0x0000000089d00000| Untracked 
| 112|0x0000000089e00000, 0x0000000089e00000, 0x0000000089f00000|  0%| F|  |TAMS 0x0000000089e00000| PB 0x0000000089e00000| Untracked 
| 113|0x0000000089f00000, 0x0000000089f00000, 0x000000008a000000|  0%| F|  |TAMS 0x0000000089f00000| PB 0x0000000089f00000| Untracked 
| 114|0x000000008a000000, 0x000000008a000000, 0x000000008a100000|  0%| F|  |TAMS 0x000000008a000000| PB 0x000000008a000000| Untracked 
| 115|0x000000008a100000, 0x000000008a100000, 0x000000008a200000|  0%| F|  |TAMS 0x000000008a100000| PB 0x000000008a100000| Untracked 
| 116|0x000000008a200000, 0x000000008a200000, 0x000000008a300000|  0%| F|  |TAMS 0x000000008a200000| PB 0x000000008a200000| Untracked 
| 117|0x000000008a300000, 0x000000008a300000, 0x000000008a400000|  0%| F|  |TAMS 0x000000008a300000| PB 0x000000008a300000| Untracked 
| 118|0x000000008a400000, 0x000000008a400000, 0x000000008a500000|  0%| F|  |TAMS 0x000000008a400000| PB 0x000000008a400000| Untracked 
| 119|0x000000008a500000, 0x000000008a500000, 0x000000008a600000|  0%| F|  |TAMS 0x000000008a500000| PB 0x000000008a500000| Untracked 
| 120|0x000000008a600000, 0x000000008a600000, 0x000000008a700000|  0%| F|  |TAMS 0x000000008a600000| PB 0x000000008a600000| Untracked 
| 121|0x000000008a700000, 0x000000008a700000, 0x000000008a800000|  0%| F|  |TAMS 0x000000008a700000| PB 0x000000008a700000| Untracked 
| 122|0x000000008a800000, 0x000000008a800000, 0x000000008a900000|  0%| F|  |TAMS 0x000000008a800000| PB 0x000000008a800000| Untracked 
| 123|0x000000008a900000, 0x000000008a900000, 0x000000008aa00000|  0%| F|  |TAMS 0x000000008a900000| PB 0x000000008a900000| Untracked 
| 124|0x000000008aa00000, 0x000000008aa00000, 0x000000008ab00000|  0%| F|  |TAMS 0x000000008aa00000| PB 0x000000008aa00000| Untracked 
| 125|0x000000008ab00000, 0x000000008ab00000, 0x000000008ac00000|  0%| F|  |TAMS 0x000000008ab00000| PB 0x000000008ab00000| Untracked 

Card table byte_map: [0x0000024796c10000,0x0000024797000000] _byte_map_base: 0x00000247967f9000

Marking Bits: (CMBitMap*) 0x000002478b7c8bc0
 Bits: [0x0000024797000000, 0x0000024798f48000)

Polling page: 0x000002478af40000

Metaspace:

Usage:
  Non-class:     17.93 MB used.
      Class:      2.82 MB used.
       Both:     20.75 MB used.

Virtual space:
  Non-class space:       64.00 MB reserved,      18.06 MB ( 28%) committed,  1 nodes.
      Class space:        1.00 GB reserved,       2.94 MB ( <1%) committed,  1 nodes.
             Both:        1.06 GB reserved,      21.00 MB (  2%) committed. 

Chunk freelists:
   Non-Class:  13.44 MB
       Class:  13.08 MB
        Both:  26.52 MB

MaxMetaspaceSize: unlimited
CompressedClassSpaceSize: 1.00 GB
Initial GC threshold: 21.00 MB
Current GC threshold: 21.00 MB
CDS: on
 - commit_granule_bytes: 65536.
 - commit_granule_words: 8192.
 - virtual_space_node_default_size: 8388608.
 - enlarge_chunks_in_place: 1.
 - use_allocation_guard: 0.


Internal statistics:

num_allocs_failed_limit: 3.
num_arena_births: 286.
num_arena_deaths: 0.
num_vsnodes_births: 2.
num_vsnodes_deaths: 0.
num_space_committed: 336.
num_space_uncommitted: 0.
num_chunks_returned_to_freelist: 3.
num_chunks_taken_from_freelist: 1053.
num_chunk_merges: 3.
num_chunk_splits: 729.
num_chunks_enlarged: 542.
num_inconsistent_stats: 0.

CodeCache: size=49152Kb used=6461Kb max_used=6461Kb free=42690Kb
 bounds [0x0000024793c10000, 0x0000024794260000, 0x0000024796c10000]
 total_blobs=3500 nmethods=2998 adapters=426
 compilation: enabled
              stopped_count=0, restarted_count=0
 full_count=0

Compilation events (20 events):
Event: 3.187 Thread 0x000002479b240cf0 2986       1       sun.nio.fs.WindowsPathParser$Result::type (5 bytes)
Event: 3.187 Thread 0x000002479b240cf0 nmethod 2986 0x000002479425c390 code [0x000002479425c520, 0x000002479425c5e8]
Event: 3.187 Thread 0x000002479b1e3150 2987       1       sun.nio.fs.WindowsPathParser$Result::root (5 bytes)
Event: 3.187 Thread 0x000002479b1e3150 nmethod 2987 0x000002479425c690 code [0x000002479425c820, 0x000002479425c8e8]
Event: 3.187 Thread 0x000002479b240cf0 2988       1       sun.nio.fs.WindowsPathParser$Result::path (5 bytes)
Event: 3.187 Thread 0x000002479b240cf0 nmethod 2988 0x000002479425c990 code [0x000002479425cb20, 0x000002479425cbe8]
Event: 3.187 Thread 0x000002479b1e3150 2989       1       java.util.regex.Pattern$Slice::match (79 bytes)
Event: 3.188 Thread 0x000002479b1e3150 nmethod 2989 0x000002479425cc90 code [0x000002479425ce60, 0x000002479425d090]
Event: 3.188 Thread 0x000002479b240cf0 2990       1       java.lang.Character::codePointBefore (48 bytes)
Event: 3.188 Thread 0x000002479b240cf0 nmethod 2990 0x000002479425d210 code [0x000002479425d3c0, 0x000002479425d590]
Event: 3.189 Thread 0x000002479b1e3150 2991       1       java.lang.Character::isLowSurrogate (18 bytes)
Event: 3.189 Thread 0x000002479b1e3150 nmethod 2991 0x000002479425d690 code [0x000002479425d820, 0x000002479425d8f0]
Event: 3.214 Thread 0x000002479b1e3150 2995       1       java.util.ArrayList::<init> (61 bytes)
Event: 3.215 Thread 0x000002479b1e3150 nmethod 2995 0x000002479425e290 code [0x000002479425e4a0, 0x000002479425e940]
Event: 3.215 Thread 0x000002479b1e3150 2996       1       sun.reflect.generics.reflectiveObjects.TypeVariableImpl::getName (5 bytes)
Event: 3.215 Thread 0x000002479b1e3150 nmethod 2996 0x000002479425eb10 code [0x000002479425eca0, 0x000002479425ed68]
Event: 3.219 Thread 0x000002479b240cf0 2997       1       java.lang.invoke.SimpleMethodHandle::copyWithExtendL (7 bytes)
Event: 3.219 Thread 0x000002479b1e3150 2998       1       java.lang.invoke.BoundMethodHandle::bindSingle (7 bytes)
Event: 3.219 Thread 0x000002479b1e3150 nmethod 2998 0x000002479425ee10 code [0x000002479425efc0, 0x000002479425f160]
Event: 3.219 Thread 0x000002479b240cf0 nmethod 2997 0x000002479425f210 code [0x000002479425f3c0, 0x000002479425f580]

GC Heap History (9 events):
Event: 0.309 GC heap before
{Heap before GC invocations=0 (full 0):
 garbage-first heap   total 129024K, used 6144K [0x0000000082e00000, 0x0000000100000000)
  region size 1024K, 6 young (6144K), 0 survivors (0K)
 Metaspace       used 270K, committed 384K, reserved 1114112K
  class space    used 28K, committed 128K, reserved 1048576K
}
Event: 0.315 GC heap after
{Heap after GC invocations=1 (full 0):
 garbage-first heap   total 129024K, used 5013K [0x0000000082e00000, 0x0000000100000000)
  region size 1024K, 1 young (1024K), 1 survivors (1024K)
 Metaspace       used 270K, committed 384K, reserved 1114112K
  class space    used 28K, committed 128K, reserved 1048576K
}
Event: 0.658 GC heap before
{Heap before GC invocations=1 (full 0):
 garbage-first heap   total 129024K, used 10133K [0x0000000082e00000, 0x0000000100000000)
  region size 1024K, 6 young (6144K), 1 survivors (1024K)
 Metaspace       used 2464K, committed 2624K, reserved 1114112K
  class space    used 288K, committed 384K, reserved 1048576K
}
Event: 0.662 GC heap after
{Heap after GC invocations=2 (full 0):
 garbage-first heap   total 129024K, used 6090K [0x0000000082e00000, 0x0000000100000000)
  region size 1024K, 1 young (1024K), 1 survivors (1024K)
 Metaspace       used 2464K, committed 2624K, reserved 1114112K
  class space    used 288K, committed 384K, reserved 1048576K
}
Event: 0.999 GC heap before
{Heap before GC invocations=2 (full 0):
 garbage-first heap   total 129024K, used 12234K [0x0000000082e00000, 0x0000000100000000)
  region size 1024K, 8 young (8192K), 1 survivors (1024K)
 Metaspace       used 4753K, committed 4928K, reserved 1114112K
  class space    used 606K, committed 704K, reserved 1048576K
}
Event: 1.003 GC heap after
{Heap after GC invocations=3 (full 0):
 garbage-first heap   total 129024K, used 6808K [0x0000000082e00000, 0x0000000100000000)
  region size 1024K, 1 young (1024K), 1 survivors (1024K)
 Metaspace       used 4753K, committed 4928K, reserved 1114112K
  class space    used 606K, committed 704K, reserved 1048576K
}
Event: 2.128 GC heap before
{Heap before GC invocations=3 (full 0):
 garbage-first heap   total 129024K, used 49816K [0x0000000082e00000, 0x0000000100000000)
  region size 1024K, 44 young (45056K), 1 survivors (1024K)
 Metaspace       used 14692K, committed 14976K, reserved 1114112K
  class space    used 1989K, committed 2112K, reserved 1048576K
}
Event: 2.140 GC heap after
{Heap after GC invocations=4 (full 0):
 garbage-first heap   total 129024K, used 10502K [0x0000000082e00000, 0x0000000100000000)
  region size 1024K, 5 young (5120K), 5 survivors (5120K)
 Metaspace       used 14692K, committed 14976K, reserved 1114112K
  class space    used 1989K, committed 2112K, reserved 1048576K
}
Event: 3.227 GC heap before
{Heap before GC invocations=4 (full 0):
 garbage-first heap   total 129024K, used 52486K [0x0000000082e00000, 0x0000000100000000)
  region size 1024K, 47 young (48128K), 5 survivors (5120K)
 Metaspace       used 21243K, committed 21504K, reserved 1114112K
  class space    used 2887K, committed 3008K, reserved 1048576K
}

Dll operation events (6 events):
Event: 0.012 Loaded shared library C:\Program Files\Java\jdk-21\bin\java.dll
Event: 0.173 Loaded shared library C:\Program Files\Java\jdk-21\bin\net.dll
Event: 0.176 Loaded shared library C:\Program Files\Java\jdk-21\bin\nio.dll
Event: 0.184 Loaded shared library C:\Program Files\Java\jdk-21\bin\zip.dll
Event: 0.355 Loaded shared library C:\Program Files\Java\jdk-21\bin\jimage.dll
Event: 2.567 Loaded shared library C:\Program Files\Java\jdk-21\bin\sunmscapi.dll

Deoptimization events (0 events):
No events

Classes loaded (20 events):
Event: 2.573 Loading class sun/security/provider/certpath/ldap/JdkLDAP$ProviderService
Event: 2.573 Loading class sun/security/provider/certpath/ldap/JdkLDAP$ProviderService done
Event: 2.580 Loading class java/nio/charset/CharacterCodingException
Event: 2.580 Loading class java/nio/charset/CharacterCodingException done
Event: 3.055 Loading class java/lang/UnsupportedClassVersionError
Event: 3.055 Loading class java/lang/ClassFormatError
Event: 3.055 Loading class java/lang/ClassFormatError done
Event: 3.055 Loading class java/lang/UnsupportedClassVersionError done
Event: 3.164 Loading class java/util/Collections$UnmodifiableMap$UnmodifiableEntrySet
Event: 3.165 Loading class java/util/Collections$UnmodifiableMap$UnmodifiableEntrySet done
Event: 3.166 Loading class java/util/Collections$UnmodifiableMap$UnmodifiableEntrySet$1
Event: 3.166 Loading class java/util/Collections$UnmodifiableMap$UnmodifiableEntrySet$1 done
Event: 3.166 Loading class java/util/Collections$UnmodifiableMap$UnmodifiableEntrySet$UnmodifiableEntry
Event: 3.166 Loading class java/util/Collections$UnmodifiableMap$UnmodifiableEntrySet$UnmodifiableEntry done
Event: 3.225 Loading class java/util/stream/Streams$ConcatSpliterator$OfRef
Event: 3.225 Loading class java/util/stream/Streams$ConcatSpliterator
Event: 3.225 Loading class java/util/stream/Streams$ConcatSpliterator done
Event: 3.225 Loading class java/util/stream/Streams$ConcatSpliterator$OfRef done
Event: 3.225 Loading class java/util/stream/Streams$2
Event: 3.225 Loading class java/util/stream/Streams$2 done

Classes unloaded (0 events):
No events

Classes redefined (0 events):
No events

Internal exceptions (20 events):
Event: 1.312 Thread 0x00000247895b3af0 Exception <a 'java/lang/NoSuchMethodError'{0x000000008a47d2c0}: 'java.lang.Object java.lang.invoke.DirectMethodHandle$Holder.invokeStatic(java.lang.Object, long, java.lang.Object)'> (0x000000008a47d2c0) 
thrown [s\open\src\hotspot\share\interpreter\linkResolver.cpp, line 773]
Event: 1.313 Thread 0x00000247895b3af0 Exception <a 'java/lang/NoSuchMethodError'{0x000000008a480928}: 'java.lang.Object java.lang.invoke.DirectMethodHandle$Holder.invokeStaticInit(java.lang.Object, long, java.lang.Object)'> (0x000000008a480928) 
thrown [s\open\src\hotspot\share\interpreter\linkResolver.cpp, line 773]
Event: 1.313 Thread 0x00000247895b3af0 Exception <a 'java/lang/NoSuchMethodError'{0x000000008a486128}: 'java.lang.Object java.lang.invoke.DirectMethodHandle$Holder.newInvokeSpecial(java.lang.Object, long)'> (0x000000008a486128) 
thrown [s\open\src\hotspot\share\interpreter\linkResolver.cpp, line 773]
Event: 1.335 Thread 0x00000247895b3af0 Exception <a 'java/lang/NoSuchMethodError'{0x000000008a4d2490}: 'void java.lang.invoke.DirectMethodHandle$Holder.invokeSpecial(java.lang.Object, java.lang.Object, java.lang.Object, java.lang.Object, java.lang.Object)'> (0x000000008a4d2490) 
thrown [s\open\src\hotspot\share\interpreter\linkResolver.cpp, line 773]
Event: 1.336 Thread 0x00000247895b3af0 Exception <a 'java/lang/NoSuchMethodError'{0x000000008a4d9c90}: 'void java.lang.invoke.DirectMethodHandle$Holder.invokeVirtual(java.lang.Object, java.lang.Object, java.lang.Object, java.lang.Object)'> (0x000000008a4d9c90) 
thrown [s\open\src\hotspot\share\interpreter\linkResolver.cpp, line 773]
Event: 1.391 Thread 0x00000247895b3af0 Exception <a 'java/lang/NoSuchMethodError'{0x000000008a10a9b0}: 'void java.lang.invoke.DirectMethodHandle$Holder.invokeSpecial(java.lang.Object, java.lang.Object, java.lang.Object)'> (0x000000008a10a9b0) 
thrown [s\open\src\hotspot\share\interpreter\linkResolver.cpp, line 773]
Event: 1.408 Thread 0x00000247895b3af0 Exception <a 'java/lang/IncompatibleClassChangeError'{0x000000008a136d10}: Found class java.lang.Object, but interface was expected> (0x000000008a136d10) 
thrown [s\open\src\hotspot\share\interpreter\linkResolver.cpp, line 840]
Event: 1.418 Thread 0x00000247895b3af0 Exception <a 'java/lang/NoSuchMethodError'{0x000000008a195838}: 'java.lang.Object java.lang.invoke.DirectMethodHandle$Holder.invokeStaticInit(java.lang.Object, int)'> (0x000000008a195838) 
thrown [s\open\src\hotspot\share\interpreter\linkResolver.cpp, line 773]
Event: 1.422 Thread 0x00000247895b3af0 Exception <a 'java/lang/NoSuchMethodError'{0x000000008a19fa50}: 'java.lang.Object java.lang.invoke.DirectMethodHandle$Holder.invokeStatic(java.lang.Object, int, java.lang.Object)'> (0x000000008a19fa50) 
thrown [s\open\src\hotspot\share\interpreter\linkResolver.cpp, line 773]
Event: 1.423 Thread 0x00000247895b3af0 Exception <a 'java/lang/NoSuchMethodError'{0x000000008a1a30b0}: 'java.lang.Object java.lang.invoke.DirectMethodHandle$Holder.invokeStaticInit(java.lang.Object, int, java.lang.Object)'> (0x000000008a1a30b0) 
thrown [s\open\src\hotspot\share\interpreter\linkResolver.cpp, line 773]
Event: 1.879 Thread 0x00000247895b3af0 Exception <a 'java/lang/NoSuchMethodError'{0x0000000088cb17b0}: 'java.lang.Object java.lang.invoke.DirectMethodHandle$Holder.invokeVirtual(java.lang.Object, java.lang.Object, java.lang.Object)'> (0x0000000088cb17b0) 
thrown [s\open\src\hotspot\share\interpreter\linkResolver.cpp, line 773]
Event: 1.885 Thread 0x00000247895b3af0 Exception <a 'java/lang/NoSuchMethodError'{0x0000000088b12388}: 'int java.lang.invoke.DirectMethodHandle$Holder.invokeSpecial(java.lang.Object, java.lang.Object, java.lang.Object, java.lang.Object, java.lang.Object)'> (0x0000000088b12388) 
thrown [s\open\src\hotspot\share\interpreter\linkResolver.cpp, line 773]
Event: 1.890 Thread 0x00000247895b3af0 Exception <a 'java/lang/NoSuchMethodError'{0x0000000088b1a540}: 'void java.lang.invoke.DirectMethodHandle$Holder.invokeVirtual(java.lang.Object, java.lang.Object)'> (0x0000000088b1a540) 
thrown [s\open\src\hotspot\share\interpreter\linkResolver.cpp, line 773]
Event: 2.265 Thread 0x00000247895b3af0 Exception <a 'java/lang/IncompatibleClassChangeError'{0x000000008a3e7790}: Found class java.lang.Object, but interface was expected> (0x000000008a3e7790) 
thrown [s\open\src\hotspot\share\interpreter\linkResolver.cpp, line 840]
Event: 2.327 Thread 0x000002479bce3eb0 Exception <a 'java/lang/NoSuchMethodError'{0x0000000089e48a20}: 'long java.lang.invoke.DirectMethodHandle$Holder.invokeSpecial(java.lang.Object, java.lang.Object)'> (0x0000000089e48a20) 
thrown [s\open\src\hotspot\share\interpreter\linkResolver.cpp, line 773]
Event: 2.328 Thread 0x000002479bce3eb0 Exception <a 'java/lang/NoSuchMethodError'{0x0000000089ed2668}: 'long java.lang.invoke.DirectMethodHandle$Holder.invokeStatic(java.lang.Object, java.lang.Object)'> (0x0000000089ed2668) 
thrown [s\open\src\hotspot\share\interpreter\linkResolver.cpp, line 773]
Event: 2.329 Thread 0x000002479bce3eb0 Exception <a 'java/lang/NoSuchMethodError'{0x0000000089ed59e0}: 'long java.lang.invoke.DirectMethodHandle$Holder.invokeStaticInit(java.lang.Object, java.lang.Object)'> (0x0000000089ed59e0) 
thrown [s\open\src\hotspot\share\interpreter\linkResolver.cpp, line 773]
Event: 2.331 Thread 0x000002479bce3eb0 Exception <a 'java/lang/NoSuchMethodError'{0x0000000089ee1b78}: 'long java.lang.invoke.DirectMethodHandle$Holder.invokeInterface(java.lang.Object, java.lang.Object)'> (0x0000000089ee1b78) 
thrown [s\open\src\hotspot\share\interpreter\linkResolver.cpp, line 773]
Event: 2.332 Thread 0x000002479bce3eb0 Exception <a 'java/lang/IncompatibleClassChangeError'{0x0000000089ee4e38}: Found class java.lang.Object, but interface was expected> (0x0000000089ee4e38) 
thrown [s\open\src\hotspot\share\interpreter\linkResolver.cpp, line 840]
Event: 2.348 Thread 0x000002479bce3eb0 Exception <a 'java/lang/NoSuchMethodError'{0x0000000089dced58}: 'java.lang.Object java.lang.invoke.DirectMethodHandle$Holder.invokeVirtual(java.lang.Object, java.lang.Object, java.lang.Object, java.lang.Object)'> (0x0000000089dced58) 
thrown [s\open\src\hotspot\share\interpreter\linkResolver.cpp, line 773]

ZGC Phase Switch (0 events):
No events

VM Operations (20 events):
Event: 1.859 Executing VM operation: HandshakeAllThreads (Deoptimize) done
Event: 2.128 Executing VM operation: G1CollectForAllocation (G1 Evacuation Pause)
Event: 2.140 Executing VM operation: G1CollectForAllocation (G1 Evacuation Pause) done
Event: 2.428 Executing VM operation: HandshakeAllThreads (Deoptimize)
Event: 2.428 Executing VM operation: HandshakeAllThreads (Deoptimize) done
Event: 2.530 Executing VM operation: HandshakeAllThreads (Deoptimize)
Event: 2.534 Executing VM operation: HandshakeAllThreads (Deoptimize) done
Event: 2.761 Executing VM operation: ICBufferFull
Event: 2.762 Executing VM operation: ICBufferFull done
Event: 3.157 Executing VM operation: HandshakeAllThreads (Deoptimize)
Event: 3.157 Executing VM operation: HandshakeAllThreads (Deoptimize) done
Event: 3.157 Executing VM operation: HandshakeAllThreads (Deoptimize)
Event: 3.157 Executing VM operation: HandshakeAllThreads (Deoptimize) done
Event: 3.166 Executing VM operation: HandshakeAllThreads (Deoptimize)
Event: 3.166 Executing VM operation: HandshakeAllThreads (Deoptimize) done
Event: 3.168 Executing VM operation: HandshakeAllThreads (Deoptimize)
Event: 3.168 Executing VM operation: HandshakeAllThreads (Deoptimize) done
Event: 3.169 Executing VM operation: HandshakeAllThreads (Deoptimize)
Event: 3.169 Executing VM operation: HandshakeAllThreads (Deoptimize) done
Event: 3.227 Executing VM operation: CollectForMetadataAllocation (Metadata GC Threshold)

Events (15 events):
Event: 0.037 Thread 0x00000247895b3af0 Thread added: 0x00000247895b3af0
Event: 0.061 Thread 0x000002479b1db9d0 Thread added: 0x000002479b1db9d0
Event: 0.061 Thread 0x000002479b1dc8e0 Thread added: 0x000002479b1dc8e0
Event: 0.062 Thread 0x000002479b1dd7f0 Thread added: 0x000002479b1dd7f0
Event: 0.062 Thread 0x000002479b1e1260 Thread added: 0x000002479b1e1260
Event: 0.062 Thread 0x000002479b1e1cb0 Thread added: 0x000002479b1e1cb0
Event: 0.062 Thread 0x000002479b1e2700 Thread added: 0x000002479b1e2700
Event: 0.062 Thread 0x000002479b1e3150 Thread added: 0x000002479b1e3150
Event: 0.094 Thread 0x000002479b240cf0 Thread added: 0x000002479b240cf0
Event: 0.161 Thread 0x000002479b455a70 Thread added: 0x000002479b455a70
Event: 0.165 Thread 0x000002479b460100 Thread added: 0x000002479b460100
Event: 1.403 Thread 0x000002479bce3eb0 Thread added: 0x000002479bce3eb0
Event: 2.166 Thread 0x00000247e12a3b20 Thread added: 0x00000247e12a3b20
Event: 2.237 Thread 0x00000247e12a3b20 Thread exited: 0x00000247e12a3b20
Event: 2.579 Thread 0x000002479bce3eb0 Thread exited: 0x000002479bce3eb0


Dynamic libraries:
0x00007ff705e10000 - 0x00007ff705e20000 	C:\Program Files\Java\jdk-21\bin\java.exe
0x00007fff016f0000 - 0x00007fff018e8000 	C:\WINDOWS\SYSTEM32\ntdll.dll
0x00007fff00600000 - 0x00007fff006c2000 	C:\WINDOWS\System32\KERNEL32.DLL
0x00007ffeff100000 - 0x00007ffeff3f6000 	C:\WINDOWS\System32\KERNELBASE.dll
0x00007ffeff590000 - 0x00007ffeff690000 	C:\WINDOWS\System32\ucrtbase.dll
0x00007ffee29c0000 - 0x00007ffee29d9000 	C:\Program Files\Java\jdk-21\bin\jli.dll
0x00007fff00880000 - 0x00007fff00931000 	C:\WINDOWS\System32\ADVAPI32.dll
0x00007ffeff830000 - 0x00007ffeff8ce000 	C:\WINDOWS\System32\msvcrt.dll
0x00007fff00940000 - 0x00007fff009df000 	C:\WINDOWS\System32\sechost.dll
0x00007ffeffe40000 - 0x00007ffefff60000 	C:\WINDOWS\System32\RPCRT4.dll
0x00007ffeff690000 - 0x00007ffeff6b7000 	C:\WINDOWS\System32\bcrypt.dll
0x00007fff00450000 - 0x00007fff005f1000 	C:\WINDOWS\System32\USER32.dll
0x00007ffeff400000 - 0x00007ffeff422000 	C:\WINDOWS\System32\win32u.dll
0x00007ffeff8d0000 - 0x00007ffeff8fb000 	C:\WINDOWS\System32\GDI32.dll
0x00007ffefefe0000 - 0x00007ffeff0f9000 	C:\WINDOWS\System32\gdi32full.dll
0x00007ffefee10000 - 0x00007ffefeead000 	C:\WINDOWS\System32\msvcp_win.dll
0x00007ffee29a0000 - 0x00007ffee29bb000 	C:\Program Files\Java\jdk-21\bin\VCRUNTIME140.dll
0x00007ffee1be0000 - 0x00007ffee1e7b000 	C:\WINDOWS\WinSxS\amd64_microsoft.windows.common-controls_6595b64144ccf1df_6.0.19041.6456_none_60b8a6cb71f64256\COMCTL32.dll
0x00007ffeee0b0000 - 0x00007ffeee0ba000 	C:\WINDOWS\SYSTEM32\VERSION.dll
0x00007fff01310000 - 0x00007fff0133f000 	C:\WINDOWS\System32\IMM32.DLL
0x00007ffee2990000 - 0x00007ffee299c000 	C:\Program Files\Java\jdk-21\bin\vcruntime140_1.dll
0x00007ffea3e40000 - 0x00007ffea3ece000 	C:\Program Files\Java\jdk-21\bin\msvcp140.dll
0x00007ffe78430000 - 0x00007ffe7914d000 	C:\Program Files\Java\jdk-21\bin\server\jvm.dll
0x00007fff00800000 - 0x00007fff0086b000 	C:\WINDOWS\System32\WS2_32.dll
0x00007ffefe8f0000 - 0x00007ffefe93b000 	C:\WINDOWS\SYSTEM32\POWRPROF.dll
0x00007ffee4580000 - 0x00007ffee45a7000 	C:\WINDOWS\SYSTEM32\WINMM.dll
0x00007ffefe8d0000 - 0x00007ffefe8e2000 	C:\WINDOWS\SYSTEM32\UMPDC.dll
0x00007ffefd5e0000 - 0x00007ffefd5f2000 	C:\WINDOWS\SYSTEM32\kernel.appcore.dll
0x00007ffee2980000 - 0x00007ffee298a000 	C:\Program Files\Java\jdk-21\bin\jimage.dll
0x00007ffefd290000 - 0x00007ffefd491000 	C:\WINDOWS\SYSTEM32\DBGHELP.DLL
0x00007ffeee190000 - 0x00007ffeee1c4000 	C:\WINDOWS\SYSTEM32\dbgcore.DLL
0x00007ffefed80000 - 0x00007ffefee02000 	C:\WINDOWS\System32\bcryptPrimitives.dll
0x00007ffee2960000 - 0x00007ffee297f000 	C:\Program Files\Java\jdk-21\bin\java.dll
0x00007fff00ba0000 - 0x00007fff01310000 	C:\WINDOWS\System32\SHELL32.dll
0x00007ffefca10000 - 0x00007ffefd1b5000 	C:\WINDOWS\SYSTEM32\windows.storage.dll
0x00007fff000e0000 - 0x00007fff00434000 	C:\WINDOWS\System32\combase.dll
0x00007ffefe740000 - 0x00007ffefe76b000 	C:\WINDOWS\SYSTEM32\Wldp.dll
0x00007ffeffd70000 - 0x00007ffeffe3d000 	C:\WINDOWS\System32\OLEAUT32.dll
0x00007fff014f0000 - 0x00007fff0159d000 	C:\WINDOWS\System32\SHCORE.dll
0x00007fff00aa0000 - 0x00007fff00afb000 	C:\WINDOWS\System32\shlwapi.dll
0x00007ffefecb0000 - 0x00007ffefecd4000 	C:\WINDOWS\SYSTEM32\profapi.dll
0x00007ffee2950000 - 0x00007ffee2960000 	C:\Program Files\Java\jdk-21\bin\net.dll
0x00007ffeef610000 - 0x00007ffeef71a000 	C:\WINDOWS\SYSTEM32\WINHTTP.dll
0x00007ffefe430000 - 0x00007ffefe49a000 	C:\WINDOWS\system32\mswsock.dll
0x00007ffee2930000 - 0x00007ffee2946000 	C:\Program Files\Java\jdk-21\bin\nio.dll
0x00007ffee2890000 - 0x00007ffee28a8000 	C:\Program Files\Java\jdk-21\bin\zip.dll
0x00007ffee2850000 - 0x00007ffee285e000 	C:\Program Files\Java\jdk-21\bin\sunmscapi.dll
0x00007ffeff430000 - 0x00007ffeff58d000 	C:\WINDOWS\System32\CRYPT32.dll
0x00007ffefe7b0000 - 0x00007ffefe7d7000 	C:\WINDOWS\SYSTEM32\ncrypt.dll
0x00007ffefe770000 - 0x00007ffefe7ab000 	C:\WINDOWS\SYSTEM32\NTASN1.dll

dbghelp: loaded successfully - version: 4.0.5 - missing functions: none
symbol engine: initialized successfully - sym options: 0x614 - pdb path: .;C:\Program Files\Java\jdk-21\bin;C:\WINDOWS\SYSTEM32;C:\WINDOWS\WinSxS\amd64_microsoft.windows.common-controls_6595b64144ccf1df_6.0.19041.6456_none_60b8a6cb71f64256;C:\Program Files\Java\jdk-21\bin\server

VM Arguments:
jvm_args: -XX:TieredStopAtLevel=1 
java_command: com.hospital.auth.AuthServiceApplication
java_class_path (initial): D:\hopital-SOA\services\auth-service\target\classes;C:\Users\sinda\.m2\repository\org\springframework\boot\spring-boot\3.2.0\spring-boot-3.2.0.jar;C:\Users\sinda\.m2\repository\org\springframework\boot\spring-boot-autoconfigure\3.2.0\spring-boot-autoconfigure-3.2.0.jar;C:\Users\sinda\.m2\repository\ch\qos\logback\logback-classic\1.4.11\logback-classic-1.4.11.jar;C:\Users\sinda\.m2\repository\ch\qos\logback\logback-core\1.4.11\logback-core-1.4.11.jar;C:\Users\sinda\.m2\repository\org\apache\logging\log4j\log4j-to-slf4j\2.21.1\log4j-to-slf4j-2.21.1.jar;C:\Users\sinda\.m2\repository\org\apache\logging\log4j\log4j-api\2.21.1\log4j-api-2.21.1.jar;C:\Users\sinda\.m2\repository\org\slf4j\jul-to-slf4j\2.0.9\jul-to-slf4j-2.0.9.jar;C:\Users\sinda\.m2\repository\jakarta\annotation\jakarta.annotation-api\2.1.1\jakarta.annotation-api-2.1.1.jar;C:\Users\sinda\.m2\repository\org\yaml\snakeyaml\2.2\snakeyaml-2.2.jar;C:\Users\sinda\.m2\repository\com\fasterxml\jackson\datatype\jackson-datatype-jdk8\2.15.3\jackson-datatype-jdk8-2.15.3.jar;C:\Users\sinda\.m2\repository\com\fasterxml\jackson\datatype\jackson-datatype-jsr310\2.15.3\jackson-datatype-jsr310-2.15.3.jar;C:\Users\sinda\.m2\repository\com\fasterxml\jackson\module\jackson-module-parameter-names\2.15.3\jackson-module-parameter-names-2.15.3.jar;C:\Users\sinda\.m2\repository\org\apache\tomcat\embed\tomcat-embed-core\10.1.16\tomcat-embed-core-10.1.16.jar;C:\Users\sinda\.m2\repository\org\apache\tomcat\embed\tomcat-embed-websocket\10.1.16\tomcat-embed-websocket-10.1.16.jar;C:\Users\sinda\.m2\repository\org\springframework\spring-web\6.1.1\spring-web-6.1.1.jar;C:\Users\sinda\.m2\repository\org\springframework\spring-beans\6.1.1\spring-beans-6.1.1.jar;C:\Users\sinda\.m2\repository\io\micrometer\micrometer-observation\1.12.0\micrometer-observation-1.12.0.jar;C:\Users\sinda\.m2\repository\io\micrometer\micrometer-commons\1.12.0\micrometer-commons-1.12.0.jar;C:\Users\sinda\.m2\repository\org\springframework\spring-webmvc\6.1.1\spring-webmvc-6.1.1.jar;C:\Users\sinda\.m2\repository\org\springframework\spring-context\6.1.1\spring-context-6.1.1.jar;C:\Users\sinda\.m2\repository\org\springframework\spring-expression\6.1.1\spring-expression-6.1.1.jar;C:\Users\sinda\.m2\repository\org\springframework\spring-aop\6.1.1\spring-aop-6.1.1.jar;C:\Users\sinda\.m2\repository\org\springframework\security\spring-security-config\6.2.0\spring-security-config-6.2.0.jar;C:\Users\sinda\.m2\repository\org\springframework\security\spring-security-web\6.2.0\spring-security-web-6.2.0.jar;C:\Users\sinda\.m2\repository\org\aspectj\aspectjweaver\1.9.20.1\aspectjweaver-1.9.20.1.jar;C:\Users\sinda\.m2\repository\com\zaxxer\HikariCP\5.0.1\HikariCP-5.0.1.jar;C:\Users\sinda\.m2\repository\org\springframework\spring-jdbc\6.1.1\spring-jdbc-6.1.1.jar;C:\Users\sinda\.m2\repository\org\hibernate\orm\hibernate-core\6.3.1.Final\hibernate-core-6.3.1.Final.jar;C:\Users\sinda\.m2\repository\jakarta\persistence\jakarta.persistence-api\3.1.0\jakarta.persistence-api-3.1.0.jar;C:\Users\sinda\.m2\repository\jakarta\transaction\jakarta.transaction-api\2.0.1\jakarta.transaction-api-2.0.1.jar;C:\Users\sinda\.m2\repository\org\jboss\logging\jboss-logging\3.5.3.Final\jboss-logging-3.5.3.Final.jar;C:\Users\sinda\.m2\repository\org\hibernate\common\hibernate-commons-annotations\6.0.6.Final\hibernate-commons-annotations-6.0.6.Final.jar;C:\Users\sinda\.m2\repository\io\smallrye\jandex\3.1.2\jandex-3.1.2.jar;C:\Users\sinda\.m2\repository\com\fasterxml\classmate\1.6.0\classmate-1.6.0.jar;C:\Users\sinda\.m2\repository\net\bytebuddy\byte-buddy\1.14.10\byte-buddy-1.14.10.jar;C:\Users\sinda\.m2\repository\org\glassfish\jaxb\jaxb-runtime\4.0.4\jaxb-runtime-4.0.4.jar;C:\Users\sinda\.m2\repository\org\glassfish\jaxb\jaxb-core\4.0.4\jaxb-core-4.0.4.jar;C:\Users\sinda\.m2\repository\org\eclipse\angus\angus-activation\2.0.1\angus-activation-2.0.1.jar;C:\Users\sinda\.m2\repository\org\glassfish\jaxb\txw2\4.0.4\txw2-4.0.4.jar;C:\Users\sinda\.m2\repository\com\sun\istack\istack-commons-runtime\4.1.2\istack-commons-runtime-4.1.2.jar;C:\Users\sinda\.m2\repository\jakarta\inject\jakarta.inject-api\2.0.1\jakarta.inject-api-2.0.1.jar;C:\Users\sinda\.m2\repository\org\antlr\antlr4-runtime\4.10.1\antlr4-runtime-4.10.1.jar;C:\Users\sinda\.m2\repository\org\springframework\data\spring-data-jpa\3.2.0\spring-data-jpa-3.2.0.jar;C:\Users\sinda\.m2\repository\org\springframework\data\spring-data-commons\3.2.0\spring-data-commons-3.2.0.jar;C:\Users\sinda\.m2\repository\org\springframework\spring-orm\6.1.1\spring-orm-6.1.1.jar;C:\Users\sinda\.m2\repository\org\springframework\spring-tx\6.1.1\spring-tx-6.1.1.jar;C:\Users\sinda\.m2\repository\org\slf4j\slf4j-api\2.0.9\slf4j-api-2.0.9.jar;C:\Users\sinda\.m2\repository\org\springframework\spring-aspects\6.1.1\spring-aspects-6.1.1.jar;C:\Users\sinda\.m2\repository\org\apache\tomcat\embed\tomcat-embed-el\10.1.16\tomcat-embed-el-10.1.16.jar;C:\Users\sinda\.m2\repository\org\hibernate\validator\hibernate-validator\8.0.1.Final\hibernate-validator-8.0.1.Final.jar;C:\Users\sinda\.m2\repository\jakarta\validation\jakarta.validation-api\3.0.2\jakarta.validation-api-3.0.2.jar;C:\Users\sinda\.m2\repository\com\mysql\mysql-connector-j\8.0.33\mysql-connector-j-8.0.33.jar;C:\Users\sinda\.m2\repository\io\jsonwebtoken\jjwt-api\0.11.5\jjwt-api-0.11.5.jar;C:\Users\sinda\.m2\repository\io\jsonwebtoken\jjwt-impl\0.11.5\jjwt-impl-0.11.5.jar;C:\Users\sinda\.m2\repository\io\jsonwebtoken\jjwt-jackson\0.11.5\jjwt-jackson-0.11.5.jar;C:\Users\sinda\.m2\repository\com\fasterxml\jackson\core\jackson-databind\2.15.3\jackson-databind-2.15.3.jar;C:\Users\sinda\.m2\repository\com\fasterxml\jackson\core\jackson-annotations\2.15.3\jackson-annotations-2.15.3.jar;C:\Users\sinda\.m2\repository\com\fasterxml\jackson\core\jackson-core\2.15.3\jackson-core-2.15.3.jar;C:\Users\sinda\.m2\repository\jakarta\xml\bind\jakarta.xml.bind-api\4.0.1\jakarta.xml.bind-api-4.0.1.jar;C:\Users\sinda\.m2\repository\jakarta\activation\jakarta.activation-api\2.1.2\jakarta.activation-api-2.1.2.jar;C:\Users\sinda\.m2\repository\org\springframework\spring-core\6.1.1\spring-core-6.1.1.jar;C:\Users\sinda\.m2\repository\org\springframework\spring-jcl\6.1.1\spring-jcl-6.1.1.jar;C:\Users\sinda\.m2\repository\org\springframework\security\spring-security-core\6.2.0\spring-security-core-6.2.0.jar;C:\Users\sinda\.m2\repository\org\springframework\security\spring-security-crypto\6.2.0\spring-security-crypto-6.2.0.jar
Launcher Type: SUN_STANDARD

[Global flags]
     intx CICompilerCount                          = 2                                         {product} {ergonomic}
     uint ConcGCThreads                            = 1                                         {product} {ergonomic}
     uint G1ConcRefinementThreads                  = 2                                         {product} {ergonomic}
   size_t G1HeapRegionSize                         = 1048576                                   {product} {ergonomic}
    uintx GCDrainStackTargetSize                   = 64                                        {product} {ergonomic}
   size_t InitialHeapSize                          = 132120576                                 {product} {ergonomic}
   size_t MarkStackSize                            = 4194304                                   {product} {ergonomic}
   size_t MaxHeapSize                              = 2099249152                                {product} {ergonomic}
   size_t MaxNewSize                               = 1259339776                                {product} {ergonomic}
   size_t MinHeapDeltaBytes                        = 1048576                                   {product} {ergonomic}
   size_t MinHeapSize                              = 8388608                                   {product} {ergonomic}
    uintx NonNMethodCodeHeapSize                   = 4096                                   {pd product} {ergonomic}
    uintx NonProfiledCodeHeapSize                  = 0                                      {pd product} {ergonomic}
     bool ProfileInterpreter                       = false                                  {pd product} {command line}
    uintx ProfiledCodeHeapSize                     = 0                                      {pd product} {ergonomic}
   size_t SoftMaxHeapSize                          = 2099249152                             {manageable} {ergonomic}
     intx TieredStopAtLevel                        = 1                                         {product} {command line}
     bool UseCompressedOops                        = true                           {product lp64_product} {ergonomic}
     bool UseG1GC                                  = true                                      {product} {ergonomic}
     bool UseLargePagesIndividualAllocation        = false                                  {pd product} {ergonomic}

Logging:
Log output configuration:
 #0: stdout all=warning uptime,level,tags foldmultilines=false
 #1: stderr all=off uptime,level,tags foldmultilines=false

Environment Variables:
PATH=C:\Program Files\Common Files\Oracle\Java\javapath;C:\Program Files (x86)\Common Files\Oracle\Java\java8path;C:\Program Files (x86)\Common Files\Oracle\Java\javapath;C:\WINDOWS\system32;C:\WINDOWS;C:\WINDOWS\System32\Wbem;C:\WINDOWS\System32\WindowsPowerShell\v1.0\;C:\WINDOWS\System32\OpenSSH\;C:\Program Files\Apache Software Foundation\Tomcat 9.0;C:\Program Files\MongoDB\Server\4.4\bin;C:\Program Files\Java\jdk-21\bin;C:\apache-maven-3.9.11-bin\apache-maven-3.9.11\bin;C:\Program Files\Git\cmd;C:\Program Files\Git\bin;C:\Program Files\MySQL\MySQL Server 8.0\bin;C:\Program Files (x86)\Common Files\Oracle\Java\java8path;C:\Program Files (x86)\Common Files\Oracle\Java\javapath;C:\WINDOWS\system32;C:\WINDOWS;C:\WINDOWS\System32\Wbem;C:\WINDOWS\System32\WindowsPowerShell\v1.0\;C:\WINDOWS\System32\OpenSSH\;C:\Program Files\Apache Software Foundation\Tomcat 9.0;C:\Program Files\MongoDB\Server\4.4\bin;C:\Users\sinda\AppData\Local\Microsoft\WindowsApps;C:\Users\sinda\AppData\Local\Programs\Microsoft VS Code\bin;C:\Program Files\Apache Software Foundation\Tomcat 9.0;;C:\Users\sinda\apache-maven-3.9.11\bin;c:\Users\sinda\.vscode\extensions\vscjava.vscode-java-debug-0.58.3\bundled\scripts\noConfigScripts
USERNAME=sinda
LANG=en_US.UTF-8
OS=Windows_NT
PROCESSOR_IDENTIFIER=Intel64 Family 6 Model 122 Stepping 8, GenuineIntel
TMP=C:\Users\sinda\AppData\Local\Temp
TEMP=C:\Users\sinda\AppData\Local\Temp




Periodic native trim disabled

---------------  S Y S T E M  ---------------

OS:
 Windows 10 , 64 bit Build 19041 (10.0.19041.5915)
OS uptime: 0 days 8:46 hours

CPU: total 2 (initial active 2) (2 cores per cpu, 1 threads per core) family 6 model 122 stepping 8 microcode 0x1a, cx8, cmov, fxsr, mmx, 3dnowpref, sse, sse2, sse3, ssse3, sse4.1, sse4.2, popcnt, tsc, tscinvbit, aes, erms, clmul, sha, clflush, clflushopt, rdtscp, rdpid
Processor Information for all 2 processors :
  Max Mhz: 1101, Current Mhz: 1101, Mhz Limit: 1101

Memory: 4k page, system-wide physical 8004M (982M free)
TotalPageFile size 15712M (AvailPageFile size 13M)
current process WorkingSet (physical memory assigned to process): 135M, peak: 135M
current process commit charge ("private bytes"): 231M, peak: 257M

vm_info: Java HotSpot(TM) 64-Bit Server VM (21.0.8+12-LTS-250) for windows-amd64 JRE (21.0.8+12-LTS-250), built on 2025-06-27T08:11:22Z by "mach5one" with MS VC++ 17.6 (VS2022)

END.
